-------------------------------------------------------------------------------
Test set: ejercicio.LightMixTest
-------------------------------------------------------------------------------
Tests run: 1, Failures: 1, Errors: 0, Skipped: 0, Time elapsed: 2.054 s <<< FAILURE! - in ejercicio.LightMixTest
testBasicExecute  Time elapsed: 2.048 s  <<< FAILURE!
org.opentest4j.AssertionFailedError: expected: <true> but was: <false>
	at ejercicio.LightMixTest.testBasicExecute(LightMixTest.java:23)

