-------------------------------------------------------------------------------
Test set: ar.edu.unlp.info.oo2.accesobd.extension_logging.EmailHandlerTest
-------------------------------------------------------------------------------
Tests run: 4, Failures: 1, Errors: 0, Skipped: 0, Time elapsed: 15.936 s <<< FAILURE! - in ar.edu.unlp.info.oo2.accesobd.extension_logging.EmailHandlerTest
testPublishWithNullLogRecord  Time elapsed: 0.115 s  <<< FAILURE!
org.opentest4j.AssertionFailedError: Unexpected exception type thrown ==> expected: <java.lang.NullPointerException> but was: <java.lang.RuntimeException>
	at ar.edu.unlp.info.oo2.accesobd.extension_logging.EmailHandlerTest.testPublishWithNullLogRecord(EmailHandlerTest.java:26)
Caused by: java.lang.RuntimeException: java.lang.NullPointerException: Cannot invoke "java.util.logging.LogRecord.getLevel()" because "record" is null
	at ar.edu.unlp.info.oo2.accesobd.extension_logging.EmailHandlerTest.lambda$testPublishWithNullLogRecord$1(EmailHandlerTest.java:26)
	at ar.edu.unlp.info.oo2.accesobd.extension_logging.EmailHandlerTest.testPublishWithNullLogRecord(EmailHandlerTest.java:26)
Caused by: java.lang.NullPointerException: Cannot invoke "java.util.logging.LogRecord.getLevel()" because "record" is null
	at ar.edu.unlp.info.oo2.accesobd.extension_logging.EmailHandlerTest.lambda$testPublishWithNullLogRecord$1(EmailHandlerTest.java:26)
	at ar.edu.unlp.info.oo2.accesobd.extension_logging.EmailHandlerTest.testPublishWithNullLogRecord(EmailHandlerTest.java:26)

